C:\Program Files (x86)\MSBuild\Microsoft.Cpp\v4.0\V140\Microsoft.CppBuild.targets(392,5): warning MSB8028: The intermediate directory (Debug\) contains files shared from another project (Plantilla_Grafica.vcxproj).  This can lead to incorrect clean and rebuild behavior.
  main.cpp
c:\program files (x86)\windows kits\8.1\include\shared\minwindef.h(130): warning C4005: 'APIENTRY': redefinición de macro
  c:\users\ricky\documents\visual studio 2015\projects\proyecto_extremo\include\glfw3.h(98): note: vea la definición anterior de 'APIENTRY'
c:\users\ricky\documents\visual studio 2015\projects\proyecto_extremo\plantilla_grafica\main.cpp(72): warning C4018: '<': no coinciden signed/unsigned
c:\users\ricky\documents\visual studio 2015\projects\proyecto_extremo\plantilla_grafica\main.cpp(168): warning C4244: '=': conversión de 'double' a 'GLfloat'; posible pérdida de datos
c:\users\ricky\documents\visual studio 2015\projects\proyecto_extremo\plantilla_grafica\main.cpp(169): warning C4244: '=': conversión de 'double' a 'GLfloat'; posible pérdida de datos
c:\users\ricky\documents\visual studio 2015\projects\proyecto_extremo\plantilla_grafica\main.cpp(175): warning C4244: 'inicializando': conversión de 'double' a 'float'; posible pérdida de datos
c:\users\ricky\documents\visual studio 2015\projects\proyecto_extremo\plantilla_grafica\main.cpp(176): warning C4244: 'inicializando': conversión de 'double' a 'float'; posible pérdida de datos
c:\users\ricky\documents\visual studio 2015\projects\proyecto_extremo\plantilla_grafica\main.cpp(177): warning C4244: 'inicializando': conversión de 'double' a 'float'; posible pérdida de datos
c:\users\ricky\documents\visual studio 2015\projects\proyecto_extremo\plantilla_grafica\main.cpp(178): warning C4244: 'inicializando': conversión de 'double' a 'float'; posible pérdida de datos
c:\users\ricky\documents\visual studio 2015\projects\proyecto_extremo\plantilla_grafica\main.cpp(180): warning C4018: '<': no coinciden signed/unsigned
c:\users\ricky\documents\visual studio 2015\projects\proyecto_extremo\plantilla_grafica\main.cpp(193): warning C4244: 'inicializando': conversión de 'double' a 'GLfloat'; posible pérdida de datos
c:\users\ricky\documents\visual studio 2015\projects\proyecto_extremo\plantilla_grafica\main.cpp(194): warning C4244: 'inicializando': conversión de 'double' a 'GLfloat'; posible pérdida de datos
c:\users\ricky\documents\visual studio 2015\projects\proyecto_extremo\plantilla_grafica\main.cpp(195): warning C4244: '=': conversión de 'double' a 'GLfloat'; posible pérdida de datos
c:\users\ricky\documents\visual studio 2015\projects\proyecto_extremo\plantilla_grafica\main.cpp(196): warning C4244: '=': conversión de 'double' a 'GLfloat'; posible pérdida de datos
c:\users\ricky\documents\visual studio 2015\projects\proyecto_extremo\plantilla_grafica\main.cpp(198): warning C4305: 'inicializando': truncamiento de 'double' a 'GLfloat'
c:\users\ricky\documents\visual studio 2015\projects\proyecto_extremo\plantilla_grafica\main.cpp(239): warning C4244: 'inicializando': conversión de 'double' a 'float'; posible pérdida de datos
c:\users\ricky\documents\visual studio 2015\projects\proyecto_extremo\plantilla_grafica\main.cpp(240): warning C4244: 'inicializando': conversión de 'double' a 'float'; posible pérdida de datos
c:\users\ricky\documents\visual studio 2015\projects\proyecto_extremo\plantilla_grafica\main.cpp(242): warning C4018: '<': no coinciden signed/unsigned
c:\users\ricky\documents\visual studio 2015\projects\proyecto_extremo\plantilla_grafica\main.cpp(245): warning C4018: '<': no coinciden signed/unsigned
c:\users\ricky\documents\visual studio 2015\projects\proyecto_extremo\plantilla_grafica\main.cpp(419): warning C4018: '<': no coinciden signed/unsigned
c:\users\ricky\documents\visual studio 2015\projects\proyecto_extremo\plantilla_grafica\main.cpp(429): warning C4018: '<': no coinciden signed/unsigned
c:\users\ricky\documents\visual studio 2015\projects\proyecto_extremo\plantilla_grafica\main.cpp(460): warning C4018: '<': no coinciden signed/unsigned
c:\users\ricky\documents\visual studio 2015\projects\proyecto_extremo\plantilla_grafica\main.cpp(482): warning C4018: '<': no coinciden signed/unsigned
c:\users\ricky\documents\visual studio 2015\projects\proyecto_extremo\plantilla_grafica\main.cpp(486): warning C4244: 'inicializando': conversión de 'double' a 'float'; posible pérdida de datos
c:\users\ricky\documents\visual studio 2015\projects\proyecto_extremo\plantilla_grafica\main.cpp(487): warning C4244: 'inicializando': conversión de 'double' a 'float'; posible pérdida de datos
c:\users\ricky\documents\visual studio 2015\projects\proyecto_extremo\plantilla_grafica\main.cpp(491): warning C4244: 'inicializando': conversión de 'double' a 'float'; posible pérdida de datos
c:\users\ricky\documents\visual studio 2015\projects\proyecto_extremo\plantilla_grafica\main.cpp(492): warning C4244: 'inicializando': conversión de 'double' a 'float'; posible pérdida de datos
c:\users\ricky\documents\visual studio 2015\projects\proyecto_extremo\plantilla_grafica\main.cpp(503): warning C4018: '<': no coinciden signed/unsigned
c:\users\ricky\documents\visual studio 2015\projects\proyecto_extremo\plantilla_grafica\main.cpp(505): warning C4244: 'inicializando': conversión de 'double' a 'float'; posible pérdida de datos
c:\users\ricky\documents\visual studio 2015\projects\proyecto_extremo\plantilla_grafica\main.cpp(506): warning C4244: 'inicializando': conversión de 'double' a 'float'; posible pérdida de datos
c:\users\ricky\documents\visual studio 2015\projects\proyecto_extremo\plantilla_grafica\main.cpp(545): warning C4018: '<': no coinciden signed/unsigned
c:\users\ricky\documents\visual studio 2015\projects\proyecto_extremo\plantilla_grafica\main.cpp(580): warning C4018: '<': no coinciden signed/unsigned
  Plantilla_Grafica.vcxproj -> C:\Users\Ricky\Documents\Visual Studio 2015\Projects\Proyecto_extremo\Debug\Proyecto_extremo.exe
  Plantilla_Grafica.vcxproj -> C:\Users\Ricky\Documents\Visual Studio 2015\Projects\Proyecto_extremo\Debug\Proyecto_extremo.pdb (Partial PDB)
